<?xml version="1.0" encoding="UTF-8"?>
<testsuite name="AnalyticsTest::Events" skipped="0" failures="0" errors="1" tests="7" assertions="24" time="7.977131645999999">
  <testcase name="test_0001_Tracks a custom event + custom load vars on page load" classname="AnalyticsTest::Events" assertions="8" time="1.800598037">
  </testcase>
  <testcase name="test_0002_Tracks a custom event on button click" classname="AnalyticsTest::Events" assertions="8" time="1.621439288">
  </testcase>
  <testcase name="test_0003_Tracks a standard event on page load" classname="AnalyticsTest::Events" assertions="1" time="0.751237642">
  </testcase>
  <testcase name="test_0006_Tracks a productSelection event that on page load" classname="AnalyticsTest::Events" assertions="0" time="0.225228824">
    <error type="test_0006_Tracks a productSelection event that on page load" message="PhantomJS client died while processing {&quot;name&quot;:&quot;visit&quot;,&quot;args&quot;:[&quot;http://127.0.0.1:38406/&quot;]}">
Error:
test_0006_Tracks a productSelection event that on page load(AnalyticsTest::Events):
Capybara::Poltergeist::DeadClient: PhantomJS client died while processing {"name":"visit","args":["http://127.0.0.1:38406/"]}
    /usr/local/rvm/gems/ruby-2.0.0-p247/gems/poltergeist-1.5.0/lib/capybara/poltergeist/server.rb:33:in `send'
    /usr/local/rvm/gems/ruby-2.0.0-p247/gems/poltergeist-1.5.0/lib/capybara/poltergeist/browser.rb:270:in `command'
    /usr/local/rvm/gems/ruby-2.0.0-p247/gems/poltergeist-1.5.0/lib/capybara/poltergeist/browser.rb:29:in `visit'
    /usr/local/rvm/gems/ruby-2.0.0-p247/gems/poltergeist-1.5.0/lib/capybara/poltergeist/driver.rb:89:in `visit'
    /usr/local/rvm/gems/ruby-2.0.0-p247/gems/capybara-2.1.0/lib/capybara/session.rb:193:in `visit'
    /usr/local/rvm/gems/ruby-2.0.0-p247/gems/capybara-2.1.0/lib/capybara/dsl.rb:51:in `block (2 levels) in &lt;module:DSL&gt;'
    /home/skycom/workspace/analytics/test/functional/events.rb:7:in `block in &lt;class:Events&gt;'
    </error>
  </testcase>
  <testcase name="test_0007_Tracks a orderConfirmation event that on click" classname="AnalyticsTest::Events" assertions="1" time="1.654646036">
  </testcase>
  <testcase name="test_0005_Tracks an event with a serial on button click" classname="AnalyticsTest::Events" assertions="3" time="0.912098197">
  </testcase>
  <testcase name="test_0004_Tracks a standard event on button click" classname="AnalyticsTest::Events" assertions="3" time="1.011883622">
  </testcase>
</testsuite>
