<?xml version="1.0" encoding="UTF-8"?>
<testsuite name="AnalyticsTest::LinkClick" skipped="0" failures="0" errors="0" tests="8" assertions="33" time="10.380332999999998">
  <testcase name="test_0001_Tracks a link being clicked and linkDetails is mapped correctly" classname="AnalyticsTest::LinkClick" assertions="12" time="2.378756">
  </testcase>
  <testcase name="test_0008_tracks masthead variable when clicks within masthead are triggered" classname="AnalyticsTest::LinkClick" assertions="2" time="1.090996">
  </testcase>
  <testcase name="test_0005_tracks non-anchor elements that have the data-tracking attribute" classname="AnalyticsTest::LinkClick" assertions="2" time="1.040455">
  </testcase>
  <testcase name="test_0002_Tracks a button being clicked" classname="AnalyticsTest::LinkClick" assertions="4" time="1.143275">
  </testcase>
  <testcase name="test_0004_Tracks a link being clicked within a module and pod" classname="AnalyticsTest::LinkClick" assertions="8" time="1.915407">
  </testcase>
  <testcase name="test_0003_A button being clicked twice doesn't have the events stacked'" classname="AnalyticsTest::LinkClick" assertions="3" time="1.151675">
  </testcase>
  <testcase name="test_0007_does not track non-anchors which have data-tracking=false" classname="AnalyticsTest::LinkClick" assertions="1" time="0.836317">
  </testcase>
  <testcase name="test_0006_does not track elements which have data-tracking=false" classname="AnalyticsTest::LinkClick" assertions="1" time="0.823452">
  </testcase>
</testsuite>
