<?xml version="1.0" encoding="UTF-8"?>
<testsuite name="AnalyticsTest::LinkClick" skipped="0" failures="0" errors="0" tests="8" assertions="33" time="9.674040798">
  <testcase name="test_0003_A button being clicked twice doesn't have the events stacked'" classname="AnalyticsTest::LinkClick" assertions="3" time="0.988028823">
  </testcase>
  <testcase name="test_0008_tracks masthead variable when clicks within masthead are triggered" classname="AnalyticsTest::LinkClick" assertions="2" time="1.063523677">
  </testcase>
  <testcase name="test_0002_Tracks a button being clicked" classname="AnalyticsTest::LinkClick" assertions="4" time="1.262796476">
  </testcase>
  <testcase name="test_0007_does not track non-anchors which have data-tracking=false" classname="AnalyticsTest::LinkClick" assertions="1" time="0.699090918">
  </testcase>
  <testcase name="test_0004_Tracks a link being clicked within a module and pod" classname="AnalyticsTest::LinkClick" assertions="8" time="1.673729561">
  </testcase>
  <testcase name="test_0005_tracks non-anchor elements that have the data-tracking attribute" classname="AnalyticsTest::LinkClick" assertions="2" time="0.738213576">
  </testcase>
  <testcase name="test_0006_does not track elements which have data-tracking=false" classname="AnalyticsTest::LinkClick" assertions="1" time="0.754617201">
  </testcase>
  <testcase name="test_0001_Tracks a link being clicked and linkDetails is mapped correctly" classname="AnalyticsTest::LinkClick" assertions="12" time="2.494040566">
  </testcase>
</testsuite>
