<?xml version="1.0" encoding="UTF-8"?>
<testsuite name="AnalyticsTest::Search" skipped="0" failures="0" errors="0" tests="2" assertions="24" time="7.021297883">
  <testcase name="test_0001_tracks search vars and is mapped correctly" classname="AnalyticsTest::Search" assertions="16" time="4.514841166">
  </testcase>
  <testcase name="test_0002_tracks search results and prop of 0 (int) is sent to omniture" classname="AnalyticsTest::Search" assertions="8" time="2.506456717">
  </testcase>
</testsuite>
