<?xml version="1.0" encoding="UTF-8"?>
<testsuite name="AnalyticsTest::PageLoad" skipped="0" failures="0" errors="0" tests="7" assertions="34" time="14.895625781999998">
  <testcase name="test_0007_resets load vars on new AJAX page load" classname="AnalyticsTest::PageLoad" assertions="6" time="3.035864703">
  </testcase>
  <testcase name="test_0003_tracks 'section' as page name id 'page' is omitted" classname="AnalyticsTest::PageLoad" assertions="1" time="1.044418152">
  </testcase>
  <testcase name="test_0004_tracks 'section' + 'contentType' as page name id when 'page' is omitted and contentType is provided" classname="AnalyticsTest::PageLoad" assertions="1" time="0.860151177">
  </testcase>
  <testcase name="test_0001_Tracks page view with correct site details" classname="AnalyticsTest::PageLoad" assertions="12" time="4.451827155">
  </testcase>
  <testcase name="test_0005_tracks 'page' as page name over section if provided" classname="AnalyticsTest::PageLoad" assertions="1" time="0.867823021">
  </testcase>
  <testcase name="test_0006_Tracks page view using requireJS" classname="AnalyticsTest::PageLoad" assertions="0" time="0.734502472">
  </testcase>
  <testcase name="test_0002_tracks pageview properly after using setup first" classname="AnalyticsTest::PageLoad" assertions="13" time="3.901039102">
  </testcase>
</testsuite>
