<?xml version="1.0" encoding="UTF-8"?>
<testsuite name="AnalyticsTest::ManualTrigger" skipped="0" failures="0" errors="1" tests="10" assertions="42" time="11.635754503999998">
  <testcase name="test_0005_Tracks an ajax page load" classname="AnalyticsTest::ManualTrigger" assertions="4" time="0.963546451">
  </testcase>
  <testcase name="test_0002_Clicking an anchor without 'data-tracking=false' and manual js tracking is fired" classname="AnalyticsTest::ManualTrigger" assertions="3" time="0.839283009">
  </testcase>
  <testcase name="test_0010_Tracks multiple adHoc event/variables without polluting each other" classname="AnalyticsTest::ManualTrigger" assertions="9" time="1.692747209">
  </testcase>
  <testcase name="test_0004_Clicking an anchor with a manual binding fires the linkclick event" classname="AnalyticsTest::ManualTrigger" assertions="3" time="0.872212374">
  </testcase>
  <testcase name="test_0007_Tracks an adHoc event/variable" classname="AnalyticsTest::ManualTrigger" assertions="5" time="1.094168772">
  </testcase>
  <testcase name="test_0008_Tracks a page view then adHoc event/variable" classname="AnalyticsTest::ManualTrigger" assertions="9" time="2.08338523">
  </testcase>
  <testcase name="test_0003_Clicking a span with manual binding fires the linkclick event" classname="AnalyticsTest::ManualTrigger" assertions="0" time="0.220824796">
    <error type="test_0003_Clicking a span with manual binding fires the linkclick event" message="PhantomJS client died while processing {&quot;name&quot;:&quot;visit&quot;,&quot;args&quot;:[&quot;http://127.0.0.1:34868/&quot;]}">
Error:
test_0003_Clicking a span with manual binding fires the linkclick event(AnalyticsTest::ManualTrigger):
Capybara::Poltergeist::DeadClient: PhantomJS client died while processing {"name":"visit","args":["http://127.0.0.1:34868/"]}
    /usr/local/rvm/gems/ruby-2.0.0-p247/gems/poltergeist-1.5.0/lib/capybara/poltergeist/server.rb:33:in `send'
    /usr/local/rvm/gems/ruby-2.0.0-p247/gems/poltergeist-1.5.0/lib/capybara/poltergeist/browser.rb:270:in `command'
    /usr/local/rvm/gems/ruby-2.0.0-p247/gems/poltergeist-1.5.0/lib/capybara/poltergeist/browser.rb:29:in `visit'
    /usr/local/rvm/gems/ruby-2.0.0-p247/gems/poltergeist-1.5.0/lib/capybara/poltergeist/driver.rb:89:in `visit'
    /usr/local/rvm/gems/ruby-2.0.0-p247/gems/capybara-2.1.0/lib/capybara/session.rb:193:in `visit'
    /usr/local/rvm/gems/ruby-2.0.0-p247/gems/capybara-2.1.0/lib/capybara/dsl.rb:51:in `block (2 levels) in &lt;module:DSL&gt;'
    /home/skycom/workspace/analytics/test/functional/manual-trigger.rb:7:in `block in &lt;class:ManualTrigger&gt;'
    </error>
  </testcase>
  <testcase name="test_0009_adHoc event(s)/variable(s) must not be tracked on additional page views" classname="AnalyticsTest::ManualTrigger" assertions="5" time="2.425204257">
  </testcase>
  <testcase name="test_0006_Tracks an ajax event only once per click" classname="AnalyticsTest::ManualTrigger" assertions="1" time="0.554829831">
  </testcase>
  <testcase name="test_0001_Clicking a span without 'data-tracking' but with manual js tracking is fired" classname="AnalyticsTest::ManualTrigger" assertions="3" time="0.889552575">
  </testcase>
</testsuite>
