<?xml version="1.0" encoding="UTF-8"?>
<testsuite name="AnalyticsTest::ManualTrigger" skipped="0" failures="0" errors="0" tests="10" assertions="45" time="17.35796">
  <testcase name="test_0006_Tracks an ajax event only once per click" classname="AnalyticsTest::ManualTrigger" assertions="1" time="0.761974">
  </testcase>
  <testcase name="test_0009_adHoc event(s)/variable(s) must not be tracked on additional page views" classname="AnalyticsTest::ManualTrigger" assertions="5" time="2.058818">
  </testcase>
  <testcase name="test_0005_Tracks an ajax page load" classname="AnalyticsTest::ManualTrigger" assertions="4" time="1.170858">
  </testcase>
  <testcase name="test_0008_Tracks a page view then adHoc event/variable" classname="AnalyticsTest::ManualTrigger" assertions="9" time="3.388386">
  </testcase>
  <testcase name="test_0001_Clicking a span without 'data-tracking' but with manual js tracking is fired" classname="AnalyticsTest::ManualTrigger" assertions="3" time="1.252004">
  </testcase>
  <testcase name="test_0010_Tracks multiple adHoc event/variables without polluting each other" classname="AnalyticsTest::ManualTrigger" assertions="9" time="3.026276">
  </testcase>
  <testcase name="test_0004_Clicking an anchor with a manual binding fires the linkclick event" classname="AnalyticsTest::ManualTrigger" assertions="3" time="1.280104">
  </testcase>
  <testcase name="test_0002_Clicking an anchor without 'data-tracking=false' and manual js tracking is fired" classname="AnalyticsTest::ManualTrigger" assertions="3" time="1.289897">
  </testcase>
  <testcase name="test_0007_Tracks an adHoc event/variable" classname="AnalyticsTest::ManualTrigger" assertions="5" time="1.804319">
  </testcase>
  <testcase name="test_0003_Clicking a span with manual binding fires the linkclick event" classname="AnalyticsTest::ManualTrigger" assertions="3" time="1.325324">
  </testcase>
</testsuite>
